mkdir: cannot create directory ‘/users/n/m/nmphelan/projects/eco_genomics_2025/population_genomics/myresults/ANGSD/PCA_ADMIX/Homework1’: File exists
------------------------------------
PCAngsd v1.36.1
Jonas Meisner and Anders Albrechtsen
Using 10 thread(s)
------------------------------------

Parsing Beagle file.
Loaded 687863 sites and 95 samples.
Estimating minor allele frequencies.
EM (MAF) converged at iteration: 7
Number of sites after MAF filtering (0.05): 542303

Estimating covariance matrix.
Using 2 principal components (manually selected).
Individual allele frequencies estimated (1).
Individual allele frequencies estimated (2).	RMSE=0.0030905
Individual allele frequencies estimated (3).	RMSE=0.0019776
Individual allele frequencies estimated (4).	RMSE=0.0013480
Individual allele frequencies estimated (5).	RMSE=0.0009492
Individual allele frequencies estimated (6).	RMSE=0.0006871
Individual allele frequencies estimated (7).	RMSE=0.0005077
Individual allele frequencies estimated (8).	RMSE=0.0003833
Individual allele frequencies estimated (9).	RMSE=0.0002962
Individual allele frequencies estimated (10).	RMSE=0.1450951
Individual allele frequencies estimated (11).	RMSE=0.0001888
Individual allele frequencies estimated (12).	RMSE=0.0001567
Individual allele frequencies estimated (13).	RMSE=0.0001322
Individual allele frequencies estimated (14).	RMSE=0.0001140
Individual allele frequencies estimated (15).	RMSE=0.0001008
Individual allele frequencies estimated (16).	RMSE=0.0000910
Individual allele frequencies estimated (17).	RMSE=0.0000834
Individual allele frequencies estimated (18).	RMSE=0.0000776
Individual allele frequencies estimated (19).	RMSE=0.0000735
Individual allele frequencies estimated (20).	RMSE=0.0000699
Individual allele frequencies estimated (21).	RMSE=0.0000674
Individual allele frequencies estimated (22).	RMSE=0.0000652
Individual allele frequencies estimated (23).	RMSE=0.0000635
Individual allele frequencies estimated (24).	RMSE=0.0000619
Individual allele frequencies estimated (25).	RMSE=0.0000606
Individual allele frequencies estimated (26).	RMSE=0.0000594
Individual allele frequencies estimated (27).	RMSE=0.0000583
Individual allele frequencies estimated (28).	RMSE=0.0000573
Individual allele frequencies estimated (29).	RMSE=0.0000565
Individual allele frequencies estimated (30).	RMSE=0.0000557
Individual allele frequencies estimated (31).	RMSE=0.0000548
Individual allele frequencies estimated (32).	RMSE=0.0000541
Individual allele frequencies estimated (33).	RMSE=0.0000533
Individual allele frequencies estimated (34).	RMSE=0.0000526
Individual allele frequencies estimated (35).	RMSE=0.0000519
Individual allele frequencies estimated (36).	RMSE=0.0000512
Individual allele frequencies estimated (37).	RMSE=0.0000505
Individual allele frequencies estimated (38).	RMSE=0.0000499
Individual allele frequencies estimated (39).	RMSE=0.0000493
Individual allele frequencies estimated (40).	RMSE=0.0000487
Individual allele frequencies estimated (41).	RMSE=0.0000480
Individual allele frequencies estimated (42).	RMSE=0.0000474
Individual allele frequencies estimated (43).	RMSE=0.0000469
Individual allele frequencies estimated (44).	RMSE=0.0000463
Individual allele frequencies estimated (45).	RMSE=0.0000457
Individual allele frequencies estimated (46).	RMSE=0.0000451
Individual allele frequencies estimated (47).	RMSE=0.0000445
Individual allele frequencies estimated (48).	RMSE=0.0000440
Individual allele frequencies estimated (49).	RMSE=0.0000435
Individual allele frequencies estimated (50).	RMSE=0.0000429
Individual allele frequencies estimated (51).	RMSE=0.0000424
Individual allele frequencies estimated (52).	RMSE=0.0000419
Individual allele frequencies estimated (53).	RMSE=0.0000413
Individual allele frequencies estimated (54).	RMSE=0.0000408
Individual allele frequencies estimated (55).	RMSE=0.0000404
Individual allele frequencies estimated (56).	RMSE=0.0000399
Individual allele frequencies estimated (57).	RMSE=0.0000394
Individual allele frequencies estimated (58).	RMSE=0.0000389
Individual allele frequencies estimated (59).	RMSE=0.0000384
Individual allele frequencies estimated (60).	RMSE=0.0000380
Individual allele frequencies estimated (61).	RMSE=0.0000375
Individual allele frequencies estimated (62).	RMSE=0.0000370
Individual allele frequencies estimated (63).	RMSE=0.0000366
Individual allele frequencies estimated (64).	RMSE=0.0000361
Individual allele frequencies estimated (65).	RMSE=0.0000356
Individual allele frequencies estimated (66).	RMSE=0.0000353
Individual allele frequencies estimated (67).	RMSE=0.0000348
Individual allele frequencies estimated (68).	RMSE=0.0000344
Individual allele frequencies estimated (69).	RMSE=0.0000340
Individual allele frequencies estimated (70).	RMSE=0.0000336
Individual allele frequencies estimated (71).	RMSE=0.0000332
Individual allele frequencies estimated (72).	RMSE=0.0000328
Individual allele frequencies estimated (73).	RMSE=0.0000324
Individual allele frequencies estimated (74).	RMSE=0.0000320
Individual allele frequencies estimated (75).	RMSE=0.0000316
Individual allele frequencies estimated (76).	RMSE=0.0000311
Individual allele frequencies estimated (77).	RMSE=0.0000307
Individual allele frequencies estimated (78).	RMSE=0.0000304
Individual allele frequencies estimated (79).	RMSE=0.0000299
Individual allele frequencies estimated (80).	RMSE=0.0000296
Individual allele frequencies estimated (81).	RMSE=0.0000292
Individual allele frequencies estimated (82).	RMSE=0.0000288
Individual allele frequencies estimated (83).	RMSE=0.0000285
Individual allele frequencies estimated (84).	RMSE=0.0000281
Individual allele frequencies estimated (85).	RMSE=0.0000277
Individual allele frequencies estimated (86).	RMSE=0.0000273
Individual allele frequencies estimated (87).	RMSE=0.0000269
Individual allele frequencies estimated (88).	RMSE=0.0000265
Individual allele frequencies estimated (89).	RMSE=0.0000262
Individual allele frequencies estimated (90).	RMSE=0.0000258
Individual allele frequencies estimated (91).	RMSE=0.0000254
Individual allele frequencies estimated (92).	RMSE=0.0000251
Individual allele frequencies estimated (93).	RMSE=0.0000247
Individual allele frequencies estimated (94).	RMSE=0.0000244
Individual allele frequencies estimated (95).	RMSE=0.0000240
Individual allele frequencies estimated (96).	RMSE=0.0000236
Individual allele frequencies estimated (97).	RMSE=0.0000233
Individual allele frequencies estimated (98).	RMSE=0.0000229
Individual allele frequencies estimated (99).	RMSE=0.0000226
Individual allele frequencies estimated (100).	RMSE=0.0000222
Individual allele frequencies estimated (101).	RMSE=0.0000219
PCAngsd did not converge!
Saved covariance matrix as /users/n/m/nmphelan/projects/eco_genomics_2025/population_genomics/myresults/ANGSD/PCA_ADMIX/Homework1/allRS_poly_K3.cov

Estimating admixture proportions using NMF (CSG-MU).
K=3, Alpha=0.0, Batches=10, Seed=0
CSG-MU (1).	RMSE=0.177859307
CSG-MU (2).	RMSE=0.250031840
CSG-MU (3).	RMSE=0.047219012
CSG-MU (4).	RMSE=0.021557349
CSG-MU (5).	RMSE=0.013157067
CSG-MU (6).	RMSE=0.008600707
CSG-MU (7).	RMSE=0.005865729
CSG-MU (8).	RMSE=0.004266773
CSG-MU (9).	RMSE=0.003207860
CSG-MU (10).	RMSE=0.002374367
CSG-MU (11).	RMSE=0.001788370
CSG-MU (12).	RMSE=0.001371468
CSG-MU (13).	RMSE=0.001055380
CSG-MU (14).	RMSE=0.000824097
CSG-MU (15).	RMSE=0.000646003
CSG-MU (16).	RMSE=0.000520018
CSG-MU (17).	RMSE=0.000421539
CSG-MU (18).	RMSE=0.000344623
CSG-MU (19).	RMSE=0.000282845
CSG-MU (20).	RMSE=0.000234292
CSG-MU (21).	RMSE=0.000197038
CSG-MU (22).	RMSE=0.000166500
CSG-MU (23).	RMSE=0.000140491
CSG-MU (24).	RMSE=0.000121894
CSG-MU (25).	RMSE=0.000102619
CSG-MU (26).	RMSE=0.000088716
CSG-MU (27).	RMSE=0.000077004
CSG-MU (28).	RMSE=0.000068665
CSG-MU (29).	RMSE=0.000059382
CSG-MU (30).	RMSE=0.000051779
CSG-MU (31).	RMSE=0.000045307
CSG-MU (32).	RMSE=0.000040594
CSG-MU (33).	RMSE=0.000034725
CSG-MU (34).	RMSE=0.000031274
CSG-MU (35).	RMSE=0.000028140
CSG-MU (36).	RMSE=0.000024231
CSG-MU (37).	RMSE=0.000019987
CSG-MU (38).	RMSE=0.000020684
CSG-MU (39).	RMSE=0.000017440
CSG-MU (40).	RMSE=0.000016095
CSG-MU (41).	RMSE=0.000016399
CSG-MU (42).	RMSE=0.000010990
CSG-MU (43).	RMSE=0.000013196
CSG-MU (44).	RMSE=0.000011512
CSG-MU (45).	RMSE=0.000009652
Converged.
Frobenius error: 74.84123
Log-likelihood: -41348010.53568
Saved admixture proportions as /users/n/m/nmphelan/projects/eco_genomics_2025/population_genomics/myresults/ANGSD/PCA_ADMIX/Homework1/allRS_poly_K3.admix.3.Q
Saved ancestral allele frequencies proportions as /users/n/m/nmphelan/projects/eco_genomics_2025/population_genomics/myresults/ANGSD/PCA_ADMIX/Homework1/allRS_poly_K3.admix.3.P

Total elapsed time: 3m10s
