------------------------------------
PCAngsd v1.36.1
Jonas Meisner and Anders Albrechtsen
Using 10 thread(s)
------------------------------------

Parsing Beagle file.
Loaded 687863 sites and 95 samples.
Estimating minor allele frequencies.
EM (MAF) converged at iteration: 7
Number of sites after MAF filtering (0.05): 542303

Estimating covariance matrix.
Using 4 principal components (manually selected).
Individual allele frequencies estimated (1).
Individual allele frequencies estimated (2).	RMSE=0.1026754
Individual allele frequencies estimated (3).	RMSE=0.0366319
Individual allele frequencies estimated (4).	RMSE=0.0099256
Individual allele frequencies estimated (5).	RMSE=0.0029043
Individual allele frequencies estimated (6).	RMSE=0.0010125
Individual allele frequencies estimated (7).	RMSE=0.0007545
Individual allele frequencies estimated (8).	RMSE=0.0009497
Individual allele frequencies estimated (9).	RMSE=0.1026032
Individual allele frequencies estimated (10).	RMSE=0.0011842
Individual allele frequencies estimated (11).	RMSE=0.0012540
Individual allele frequencies estimated (12).	RMSE=0.0012110
Individual allele frequencies estimated (13).	RMSE=0.0011879
Individual allele frequencies estimated (14).	RMSE=0.0011522
Individual allele frequencies estimated (15).	RMSE=0.0010924
Individual allele frequencies estimated (16).	RMSE=0.0010258
Individual allele frequencies estimated (17).	RMSE=0.1025978
Individual allele frequencies estimated (18).	RMSE=0.0009082
Individual allele frequencies estimated (19).	RMSE=0.0008375
Individual allele frequencies estimated (20).	RMSE=0.0007637
Individual allele frequencies estimated (21).	RMSE=0.0007058
Individual allele frequencies estimated (22).	RMSE=0.0006500
Individual allele frequencies estimated (23).	RMSE=0.0005856
Individual allele frequencies estimated (24).	RMSE=0.0005265
Individual allele frequencies estimated (25).	RMSE=0.0004813
Individual allele frequencies estimated (26).	RMSE=0.0004406
Individual allele frequencies estimated (27).	RMSE=0.0004132
Individual allele frequencies estimated (28).	RMSE=0.0003670
Individual allele frequencies estimated (29).	RMSE=0.1025978
Individual allele frequencies estimated (30).	RMSE=0.0002915
Individual allele frequencies estimated (31).	RMSE=0.0002662
Individual allele frequencies estimated (32).	RMSE=0.0002532
Individual allele frequencies estimated (33).	RMSE=0.0002192
Individual allele frequencies estimated (34).	RMSE=0.0002083
Individual allele frequencies estimated (35).	RMSE=0.0001845
Individual allele frequencies estimated (36).	RMSE=0.0001758
Individual allele frequencies estimated (37).	RMSE=0.0001469
Individual allele frequencies estimated (38).	RMSE=0.0001309
Individual allele frequencies estimated (39).	RMSE=0.0001163
Individual allele frequencies estimated (40).	RMSE=0.0001177
Individual allele frequencies estimated (41).	RMSE=0.0001053
Individual allele frequencies estimated (42).	RMSE=0.0000987
Individual allele frequencies estimated (43).	RMSE=0.0000894
Individual allele frequencies estimated (44).	RMSE=0.0000828
Individual allele frequencies estimated (45).	RMSE=0.0000738
Individual allele frequencies estimated (46).	RMSE=0.0000668
Individual allele frequencies estimated (47).	RMSE=0.0000656
Individual allele frequencies estimated (48).	RMSE=0.0000628
Individual allele frequencies estimated (49).	RMSE=0.0000563
Individual allele frequencies estimated (50).	RMSE=0.0000589
Individual allele frequencies estimated (51).	RMSE=0.0000611
Individual allele frequencies estimated (52).	RMSE=0.0000570
Individual allele frequencies estimated (53).	RMSE=0.0000584
Individual allele frequencies estimated (54).	RMSE=0.0000526
Individual allele frequencies estimated (55).	RMSE=0.0000479
Individual allele frequencies estimated (56).	RMSE=0.0000443
Individual allele frequencies estimated (57).	RMSE=0.0000451
Individual allele frequencies estimated (58).	RMSE=0.0000465
Individual allele frequencies estimated (59).	RMSE=0.0000422
Individual allele frequencies estimated (60).	RMSE=0.0000395
Individual allele frequencies estimated (61).	RMSE=0.0000389
Individual allele frequencies estimated (62).	RMSE=0.0000391
Individual allele frequencies estimated (63).	RMSE=0.0000397
Individual allele frequencies estimated (64).	RMSE=0.0000394
Individual allele frequencies estimated (65).	RMSE=0.0000384
Individual allele frequencies estimated (66).	RMSE=0.0000387
Individual allele frequencies estimated (67).	RMSE=0.0000417
Individual allele frequencies estimated (68).	RMSE=0.0000390
Individual allele frequencies estimated (69).	RMSE=0.0000389
Individual allele frequencies estimated (70).	RMSE=0.0000389
Individual allele frequencies estimated (71).	RMSE=0.0000378
Individual allele frequencies estimated (72).	RMSE=0.0000358
Individual allele frequencies estimated (73).	RMSE=0.0000355
Individual allele frequencies estimated (74).	RMSE=0.0000321
Individual allele frequencies estimated (75).	RMSE=0.0000361
Individual allele frequencies estimated (76).	RMSE=0.0000345
Individual allele frequencies estimated (77).	RMSE=0.0000329
Individual allele frequencies estimated (78).	RMSE=0.0000352
Individual allele frequencies estimated (79).	RMSE=0.0000353
Individual allele frequencies estimated (80).	RMSE=0.0000349
Individual allele frequencies estimated (81).	RMSE=0.0000348
Individual allele frequencies estimated (82).	RMSE=0.0000353
Individual allele frequencies estimated (83).	RMSE=0.0000351
Individual allele frequencies estimated (84).	RMSE=0.0000363
Individual allele frequencies estimated (85).	RMSE=0.0000381
Individual allele frequencies estimated (86).	RMSE=0.0000342
Individual allele frequencies estimated (87).	RMSE=0.0000342
Individual allele frequencies estimated (88).	RMSE=0.0000359
Individual allele frequencies estimated (89).	RMSE=0.0000338
Individual allele frequencies estimated (90).	RMSE=0.0000326
Individual allele frequencies estimated (91).	RMSE=0.0000314
Individual allele frequencies estimated (92).	RMSE=0.0000320
Individual allele frequencies estimated (93).	RMSE=0.0000335
Individual allele frequencies estimated (94).	RMSE=0.0000314
Individual allele frequencies estimated (95).	RMSE=0.0000329
Individual allele frequencies estimated (96).	RMSE=0.0000319
Individual allele frequencies estimated (97).	RMSE=0.0000310
Individual allele frequencies estimated (98).	RMSE=0.0000311
Individual allele frequencies estimated (99).	RMSE=0.0000341
Individual allele frequencies estimated (100).	RMSE=0.0000300
Individual allele frequencies estimated (101).	RMSE=0.0000297
PCAngsd did not converge!
Saved covariance matrix as /users/n/m/nmphelan/projects/eco_genomics_2025/population_genomics/myresults/ANGSD/PCA_ADMIX/Homework1/allRS_poly_K5.cov

Estimating admixture proportions using NMF (CSG-MU).
K=5, Alpha=0.0, Batches=10, Seed=0
CSG-MU (1).	RMSE=0.114138975
CSG-MU (2).	RMSE=0.203685892
CSG-MU (3).	RMSE=0.046111241
CSG-MU (4).	RMSE=0.024101877
CSG-MU (5).	RMSE=0.013387296
CSG-MU (6).	RMSE=0.008048737
CSG-MU (7).	RMSE=0.005132166
CSG-MU (8).	RMSE=0.003420071
CSG-MU (9).	RMSE=0.002406270
CSG-MU (10).	RMSE=0.002216749
CSG-MU (11).	RMSE=0.001590794
CSG-MU (12).	RMSE=0.001306997
CSG-MU (13).	RMSE=0.001073422
CSG-MU (14).	RMSE=0.000881708
CSG-MU (15).	RMSE=0.000723801
CSG-MU (16).	RMSE=0.000592534
CSG-MU (17).	RMSE=0.000494551
CSG-MU (18).	RMSE=0.000420955
CSG-MU (19).	RMSE=0.000362297
CSG-MU (20).	RMSE=0.000311808
CSG-MU (21).	RMSE=0.000272000
CSG-MU (22).	RMSE=0.000232941
CSG-MU (23).	RMSE=0.000204584
CSG-MU (24).	RMSE=0.000181104
CSG-MU (25).	RMSE=0.000159762
CSG-MU (26).	RMSE=0.000141288
CSG-MU (27).	RMSE=0.000123123
CSG-MU (28).	RMSE=0.000107920
CSG-MU (29).	RMSE=0.000094776
CSG-MU (30).	RMSE=0.000082326
CSG-MU (31).	RMSE=0.000072458
CSG-MU (32).	RMSE=0.000063714
CSG-MU (33).	RMSE=0.000056803
CSG-MU (34).	RMSE=0.000049413
CSG-MU (35).	RMSE=0.000043692
CSG-MU (36).	RMSE=0.000037862
CSG-MU (37).	RMSE=0.000033798
CSG-MU (38).	RMSE=0.000030295
CSG-MU (39).	RMSE=0.000026905
CSG-MU (40).	RMSE=0.000024183
CSG-MU (41).	RMSE=0.000021112
CSG-MU (42).	RMSE=0.000019515
CSG-MU (43).	RMSE=0.000017176
CSG-MU (44).	RMSE=0.000015602
CSG-MU (45).	RMSE=0.000014041
CSG-MU (46).	RMSE=0.000011947
CSG-MU (47).	RMSE=0.000010900
CSG-MU (48).	RMSE=0.000009987
Converged.
Frobenius error: 122.54842
Log-likelihood: -40745694.65111
Saved admixture proportions as /users/n/m/nmphelan/projects/eco_genomics_2025/population_genomics/myresults/ANGSD/PCA_ADMIX/Homework1/allRS_poly_K5.admix.5.Q
Saved ancestral allele frequencies proportions as /users/n/m/nmphelan/projects/eco_genomics_2025/population_genomics/myresults/ANGSD/PCA_ADMIX/Homework1/allRS_poly_K5.admix.5.P

Total elapsed time: 4m41s
