------------------------------------
PCAngsd v1.36.1
Jonas Meisner and Anders Albrechtsen
Using 10 thread(s)
------------------------------------

Parsing Beagle file.
Loaded 687863 sites and 95 samples.
Estimating minor allele frequencies.
EM (MAF) converged at iteration: 7
Number of sites after MAF filtering (0.05): 542303

Estimating covariance matrix.
Using 3 principal components (manually selected).
Individual allele frequencies estimated (1).
Individual allele frequencies estimated (2).	RMSE=0.0045044
Individual allele frequencies estimated (3).	RMSE=0.0025747
Individual allele frequencies estimated (4).	RMSE=0.0017285
Individual allele frequencies estimated (5).	RMSE=0.0012858
Individual allele frequencies estimated (6).	RMSE=0.0010136
Individual allele frequencies estimated (7).	RMSE=0.0008325
Individual allele frequencies estimated (8).	RMSE=0.0007038
Individual allele frequencies estimated (9).	RMSE=0.0006087
Individual allele frequencies estimated (10).	RMSE=0.0005338
Individual allele frequencies estimated (11).	RMSE=0.0004743
Individual allele frequencies estimated (12).	RMSE=0.0004250
Individual allele frequencies estimated (13).	RMSE=0.0003847
Individual allele frequencies estimated (14).	RMSE=0.0003515
Individual allele frequencies estimated (15).	RMSE=0.0003227
Individual allele frequencies estimated (16).	RMSE=0.0002984
Individual allele frequencies estimated (17).	RMSE=0.0002778
Individual allele frequencies estimated (18).	RMSE=0.0002592
Individual allele frequencies estimated (19).	RMSE=0.0002434
Individual allele frequencies estimated (20).	RMSE=0.0002295
Individual allele frequencies estimated (21).	RMSE=0.0002183
Individual allele frequencies estimated (22).	RMSE=0.0002082
Individual allele frequencies estimated (23).	RMSE=0.0001982
Individual allele frequencies estimated (24).	RMSE=0.0001896
Individual allele frequencies estimated (25).	RMSE=0.0001820
Individual allele frequencies estimated (26).	RMSE=0.0001753
Individual allele frequencies estimated (27).	RMSE=0.0001690
Individual allele frequencies estimated (28).	RMSE=0.0001631
Individual allele frequencies estimated (29).	RMSE=0.0001580
Individual allele frequencies estimated (30).	RMSE=0.0001535
Individual allele frequencies estimated (31).	RMSE=0.0001489
Individual allele frequencies estimated (32).	RMSE=0.0001448
Individual allele frequencies estimated (33).	RMSE=0.0001414
Individual allele frequencies estimated (34).	RMSE=0.0001380
Individual allele frequencies estimated (35).	RMSE=0.0001349
Individual allele frequencies estimated (36).	RMSE=0.0001317
Individual allele frequencies estimated (37).	RMSE=0.0001289
Individual allele frequencies estimated (38).	RMSE=0.0001262
Individual allele frequencies estimated (39).	RMSE=0.0001240
Individual allele frequencies estimated (40).	RMSE=0.0001218
Individual allele frequencies estimated (41).	RMSE=0.0001198
Individual allele frequencies estimated (42).	RMSE=0.0001176
Individual allele frequencies estimated (43).	RMSE=0.0001150
Individual allele frequencies estimated (44).	RMSE=0.0001132
Individual allele frequencies estimated (45).	RMSE=0.0001113
Individual allele frequencies estimated (46).	RMSE=0.0001095
Individual allele frequencies estimated (47).	RMSE=0.0001078
Individual allele frequencies estimated (48).	RMSE=0.0001063
Individual allele frequencies estimated (49).	RMSE=0.0001049
Individual allele frequencies estimated (50).	RMSE=0.0001034
Individual allele frequencies estimated (51).	RMSE=0.0001017
Individual allele frequencies estimated (52).	RMSE=0.0001004
Individual allele frequencies estimated (53).	RMSE=0.0000990
Individual allele frequencies estimated (54).	RMSE=0.0000975
Individual allele frequencies estimated (55).	RMSE=0.0000960
Individual allele frequencies estimated (56).	RMSE=0.0000947
Individual allele frequencies estimated (57).	RMSE=0.0000932
Individual allele frequencies estimated (58).	RMSE=0.0000919
Individual allele frequencies estimated (59).	RMSE=0.0000907
Individual allele frequencies estimated (60).	RMSE=0.0000893
Individual allele frequencies estimated (61).	RMSE=0.0000882
Individual allele frequencies estimated (62).	RMSE=0.0000870
Individual allele frequencies estimated (63).	RMSE=0.0000858
Individual allele frequencies estimated (64).	RMSE=0.0000848
Individual allele frequencies estimated (65).	RMSE=0.0000838
Individual allele frequencies estimated (66).	RMSE=0.0000827
Individual allele frequencies estimated (67).	RMSE=0.0000818
Individual allele frequencies estimated (68).	RMSE=0.0000809
Individual allele frequencies estimated (69).	RMSE=0.0000799
Individual allele frequencies estimated (70).	RMSE=0.0000789
Individual allele frequencies estimated (71).	RMSE=0.0000777
Individual allele frequencies estimated (72).	RMSE=0.0000768
Individual allele frequencies estimated (73).	RMSE=0.0000757
Individual allele frequencies estimated (74).	RMSE=0.0000751
Individual allele frequencies estimated (75).	RMSE=0.0000741
Individual allele frequencies estimated (76).	RMSE=0.0000732
Individual allele frequencies estimated (77).	RMSE=0.0000723
Individual allele frequencies estimated (78).	RMSE=0.0000719
Individual allele frequencies estimated (79).	RMSE=0.0000712
Individual allele frequencies estimated (80).	RMSE=0.0000700
Individual allele frequencies estimated (81).	RMSE=0.0000690
Individual allele frequencies estimated (82).	RMSE=0.0000681
Individual allele frequencies estimated (83).	RMSE=0.0000675
Individual allele frequencies estimated (84).	RMSE=0.0000667
Individual allele frequencies estimated (85).	RMSE=0.0000656
Individual allele frequencies estimated (86).	RMSE=0.0000649
Individual allele frequencies estimated (87).	RMSE=0.0000640
Individual allele frequencies estimated (88).	RMSE=0.0000635
Individual allele frequencies estimated (89).	RMSE=0.0000628
Individual allele frequencies estimated (90).	RMSE=0.0000621
Individual allele frequencies estimated (91).	RMSE=0.0000611
Individual allele frequencies estimated (92).	RMSE=0.0000601
Individual allele frequencies estimated (93).	RMSE=0.0000592
Individual allele frequencies estimated (94).	RMSE=0.0000585
Individual allele frequencies estimated (95).	RMSE=0.0000577
Individual allele frequencies estimated (96).	RMSE=0.0000571
Individual allele frequencies estimated (97).	RMSE=0.0000561
Individual allele frequencies estimated (98).	RMSE=0.0000552
Individual allele frequencies estimated (99).	RMSE=0.0000546
Individual allele frequencies estimated (100).	RMSE=0.0000543
Individual allele frequencies estimated (101).	RMSE=0.0000534
PCAngsd did not converge!
Saved covariance matrix as /users/n/m/nmphelan/projects/eco_genomics_2025/population_genomics/myresults/ANGSD/PCA_ADMIX/Homework1/allRS_poly_K4.cov

Estimating admixture proportions using NMF (CSG-MU).
K=4, Alpha=0.0, Batches=10, Seed=0
CSG-MU (1).	RMSE=0.147269069
CSG-MU (2).	RMSE=0.228588825
CSG-MU (3).	RMSE=0.032479288
CSG-MU (4).	RMSE=0.011699483
CSG-MU (5).	RMSE=0.005040291
CSG-MU (6).	RMSE=0.002513479
CSG-MU (7).	RMSE=0.001348405
CSG-MU (8).	RMSE=0.000816043
CSG-MU (9).	RMSE=0.000599366
CSG-MU (10).	RMSE=0.000545699
CSG-MU (11).	RMSE=0.000509759
CSG-MU (12).	RMSE=0.000360773
CSG-MU (13).	RMSE=0.000269079
CSG-MU (14).	RMSE=0.000200093
CSG-MU (15).	RMSE=0.000149818
CSG-MU (16).	RMSE=0.000114675
CSG-MU (17).	RMSE=0.000088931
CSG-MU (18).	RMSE=0.000068885
CSG-MU (19).	RMSE=0.000054201
CSG-MU (20).	RMSE=0.000042530
CSG-MU (21).	RMSE=0.000033876
CSG-MU (22).	RMSE=0.000027579
CSG-MU (23).	RMSE=0.000021719
CSG-MU (24).	RMSE=0.000018731
CSG-MU (25).	RMSE=0.000014665
CSG-MU (26).	RMSE=0.000011711
CSG-MU (27).	RMSE=0.000009465
Converged.
Frobenius error: 103.09649
Log-likelihood: -41049019.09134
Saved admixture proportions as /users/n/m/nmphelan/projects/eco_genomics_2025/population_genomics/myresults/ANGSD/PCA_ADMIX/Homework1/allRS_poly_K4.admix.4.Q
Saved ancestral allele frequencies proportions as /users/n/m/nmphelan/projects/eco_genomics_2025/population_genomics/myresults/ANGSD/PCA_ADMIX/Homework1/allRS_poly_K4.admix.4.P

Total elapsed time: 3m47s
