mkdir: cannot create directory ‘/users/n/m/nmphelan/projects/eco_genomics_2025/population_genomics/myresults/ANGSD/PCA_ADMIX’: File exists
------------------------------------
PCAngsd v1.36.1
Jonas Meisner and Anders Albrechtsen
Using 10 thread(s)
------------------------------------

Parsing Beagle file.
Loaded 971934 sites and 113 samples.
Estimating minor allele frequencies.
EM (MAF) converged at iteration: 7
Number of sites after MAF filtering (0.05): 697053

Estimating covariance matrix.
Using 2 principal components (manually selected).
Individual allele frequencies estimated (1).
Individual allele frequencies estimated (2).	RMSE=0.0028537
Individual allele frequencies estimated (3).	RMSE=0.0017146
Individual allele frequencies estimated (4).	RMSE=0.0011759
Individual allele frequencies estimated (5).	RMSE=0.0008574
Individual allele frequencies estimated (6).	RMSE=0.0006491
Individual allele frequencies estimated (7).	RMSE=0.1330374
Individual allele frequencies estimated (8).	RMSE=0.0003950
Individual allele frequencies estimated (9).	RMSE=0.0003158
Individual allele frequencies estimated (10).	RMSE=0.0002554
Individual allele frequencies estimated (11).	RMSE=0.0002095
Individual allele frequencies estimated (12).	RMSE=0.0001755
Individual allele frequencies estimated (13).	RMSE=0.0001482
Individual allele frequencies estimated (14).	RMSE=0.0001280
Individual allele frequencies estimated (15).	RMSE=0.0001111
Individual allele frequencies estimated (16).	RMSE=0.0000985
Individual allele frequencies estimated (17).	RMSE=0.0000892
Individual allele frequencies estimated (18).	RMSE=0.0000812
Individual allele frequencies estimated (19).	RMSE=0.0000754
Individual allele frequencies estimated (20).	RMSE=0.0000703
Individual allele frequencies estimated (21).	RMSE=0.0000663
Individual allele frequencies estimated (22).	RMSE=0.0000631
Individual allele frequencies estimated (23).	RMSE=0.0000604
Individual allele frequencies estimated (24).	RMSE=0.0000582
Individual allele frequencies estimated (25).	RMSE=0.0000560
Individual allele frequencies estimated (26).	RMSE=0.0000544
Individual allele frequencies estimated (27).	RMSE=0.0000527
Individual allele frequencies estimated (28).	RMSE=0.0000511
Individual allele frequencies estimated (29).	RMSE=0.0000497
Individual allele frequencies estimated (30).	RMSE=0.0000485
Individual allele frequencies estimated (31).	RMSE=0.0000472
Individual allele frequencies estimated (32).	RMSE=0.0000460
Individual allele frequencies estimated (33).	RMSE=0.0000448
Individual allele frequencies estimated (34).	RMSE=0.0000437
Individual allele frequencies estimated (35).	RMSE=0.0000426
Individual allele frequencies estimated (36).	RMSE=0.0000414
Individual allele frequencies estimated (37).	RMSE=0.0000404
Individual allele frequencies estimated (38).	RMSE=0.0000392
Individual allele frequencies estimated (39).	RMSE=0.0000382
Individual allele frequencies estimated (40).	RMSE=0.0000372
Individual allele frequencies estimated (41).	RMSE=0.0000360
Individual allele frequencies estimated (42).	RMSE=0.0000349
Individual allele frequencies estimated (43).	RMSE=0.0000338
Individual allele frequencies estimated (44).	RMSE=0.0000327
Individual allele frequencies estimated (45).	RMSE=0.0000316
Individual allele frequencies estimated (46).	RMSE=0.0000306
Individual allele frequencies estimated (47).	RMSE=0.0000295
Individual allele frequencies estimated (48).	RMSE=0.0000285
Individual allele frequencies estimated (49).	RMSE=0.0000274
Individual allele frequencies estimated (50).	RMSE=0.0000264
Individual allele frequencies estimated (51).	RMSE=0.0000254
Individual allele frequencies estimated (52).	RMSE=0.0000246
Individual allele frequencies estimated (53).	RMSE=0.0000235
Individual allele frequencies estimated (54).	RMSE=0.0000225
Individual allele frequencies estimated (55).	RMSE=0.0000218
Individual allele frequencies estimated (56).	RMSE=0.0000206
Individual allele frequencies estimated (57).	RMSE=0.0000197
Individual allele frequencies estimated (58).	RMSE=0.0000189
Individual allele frequencies estimated (59).	RMSE=0.0000179
Individual allele frequencies estimated (60).	RMSE=0.0000170
Individual allele frequencies estimated (61).	RMSE=0.0000162
Individual allele frequencies estimated (62).	RMSE=0.0000155
Individual allele frequencies estimated (63).	RMSE=0.0000148
Individual allele frequencies estimated (64).	RMSE=0.0000139
Individual allele frequencies estimated (65).	RMSE=0.0000131
Individual allele frequencies estimated (66).	RMSE=0.0000124
Individual allele frequencies estimated (67).	RMSE=0.0000120
Individual allele frequencies estimated (68).	RMSE=0.0000112
Individual allele frequencies estimated (69).	RMSE=0.0000106
Individual allele frequencies estimated (70).	RMSE=0.0000100
PCAngsd converged.
Saved covariance matrix as /users/n/m/nmphelan/projects/eco_genomics_2025/population_genomics/myresults/ANGSD/PCA_ADMIX/RSBS_poly_K3.cov

Estimating admixture proportions using NMF (CSG-MU).
K=3, Alpha=0.0, Batches=10, Seed=0
CSG-MU (1).	RMSE=0.260920697
CSG-MU (2).	RMSE=0.091781217
CSG-MU (3).	RMSE=0.155790663
CSG-MU (4).	RMSE=0.048791703
CSG-MU (5).	RMSE=0.024861889
CSG-MU (6).	RMSE=0.009633142
CSG-MU (7).	RMSE=0.005138526
CSG-MU (8).	RMSE=0.003225573
CSG-MU (9).	RMSE=0.002249949
CSG-MU (10).	RMSE=0.001491511
CSG-MU (11).	RMSE=0.001107127
CSG-MU (12).	RMSE=0.000815110
CSG-MU (13).	RMSE=0.000608556
CSG-MU (14).	RMSE=0.000454499
CSG-MU (15).	RMSE=0.000359187
CSG-MU (16).	RMSE=0.000283840
CSG-MU (17).	RMSE=0.000227445
CSG-MU (18).	RMSE=0.000178151
CSG-MU (19).	RMSE=0.000145996
CSG-MU (20).	RMSE=0.000116193
CSG-MU (21).	RMSE=0.000096394
CSG-MU (22).	RMSE=0.000076012
CSG-MU (23).	RMSE=0.000063815
CSG-MU (24).	RMSE=0.000052297
CSG-MU (25).	RMSE=0.000043291
CSG-MU (26).	RMSE=0.000032414
CSG-MU (27).	RMSE=0.000029621
CSG-MU (28).	RMSE=0.000023799
CSG-MU (29).	RMSE=0.000020129
CSG-MU (30).	RMSE=0.000014701
CSG-MU (31).	RMSE=0.000013327
CSG-MU (32).	RMSE=0.000011100
CSG-MU (33).	RMSE=0.000009300
Converged.
Frobenius error: 54.59381
Log-likelihood: -59635614.47046
Saved admixture proportions as /users/n/m/nmphelan/projects/eco_genomics_2025/population_genomics/myresults/ANGSD/PCA_ADMIX/RSBS_poly_K3.admix.3.Q
Saved ancestral allele frequencies proportions as /users/n/m/nmphelan/projects/eco_genomics_2025/population_genomics/myresults/ANGSD/PCA_ADMIX/RSBS_poly_K3.admix.3.P

Total elapsed time: 2m58s
